
R version 2.13.0 (2011-04-13)
Copyright (C) 2011 The R Foundation for Statistical Computing
ISBN 3-900051-07-0
Platform: x86_64-redhat-linux-gnu (64-bit)

R is free software and comes with ABSOLUTELY NO WARRANTY.
You are welcome to redistribute it under certain conditions.
Type 'license()' or 'licence()' for distribution details.

  Natural language support but running in an English locale

R is a collaborative project with many contributors.
Type 'contributors()' for more information and
'citation()' on how to cite R or R packages in publications.

Type 'demo()' for some demos, 'help()' for on-line help, or
'help.start()' for an HTML browser interface to help.
Type 'q()' to quit R.

> pdf("K27_peplens.pdf")
> lH3K27me3_bordergenes <- read.table("H3K27me3_bordergenes_lengths.dat",header=T,sep="\t");
> summary(lH3K27me3_bordergenes$LEN)
   Min. 1st Qu.  Median    Mean 3rd Qu.    Max. 
   88.0   351.0   515.0   686.8   785.0  5121.0 
> summary(subset(lH3K27me3_bordergenes$LEN,lH3K27me3_bordergenes$LEN < 4000));
   Min. 1st Qu.  Median    Mean 3rd Qu.    Max. 
   88.0   349.5   512.0   659.8   785.0  3082.0 
> lH3K27me3_genes <- read.table("H3K27me3_genes_lengths.dat",header=T,sep="\t");
> summary(lH3K27me3_genes$LEN)
   Min. 1st Qu.  Median    Mean 3rd Qu.    Max. 
   66.0   193.2   319.0   372.7   486.0  2628.0 
> lnonH3K27me3_genes <- read.table("nonH3K27me3_genes_lengths.dat",header=T,sep="\t");
> summary(lnonH3K27me3_genes$LEN)
   Min. 1st Qu.  Median    Mean 3rd Qu.    Max. 
   24.0   254.0   426.0   512.6   652.0 10740.0 
> summary(subset(lnonH3K27me3_genes$LEN ,lnonH3K27me3_genes$LEN < 4000))
   Min. 1st Qu.  Median    Mean 3rd Qu.    Max. 
   24.0   253.0   426.0   509.7   651.0  3895.0 
> boxplot(subset(lH3K27me3_bordergenes$LEN,lH3K27me3_bordergenes$LEN < 4000),subset(lH3K27me3_genes$LEN,lH3K27me3_genes$LEN < 4000),subset(lnonH3K27me3_genes$LEN,lnonH3K27me3_genes$LEN < 4000),xlab="K27 Status", main="Protein size for K27 status",ylab="Protein length",range=2,names=c("Border","K27","Not K27"),col=rainbow(11, start=0, end=1));
> boxplot(subset(lH3K27me3_genes$LEN,lH3K27me3_genes$LEN < 4000),subset(lnonH3K27me3_genes$LEN,lnonH3K27me3_genes$LEN < 4000),xlab="K27 Status", main="Protein size for K27 status",ylab="Protein length",range=2,names=c("K27","Not K27"),col=c("Green","Blue"));
> 
> t.test(subset(lH3K27me3_genes$LEN,lH3K27me3_genes$LEN < 4000),subset(lnonH3K27me3_genes$LEN,lnonH3K27me3_genes$LEN < 4000));

	Welch Two Sample t-test

data:  subset(lH3K27me3_genes$LEN, lH3K27me3_genes$LEN < 4000) and subset(lnonH3K27me3_genes$LEN, lnonH3K27me3_genes$LEN < 4000) 
t = -13.555, df = 1078.823, p-value < 2.2e-16
alternative hypothesis: true difference in means is not equal to 0 
95 percent confidence interval:
 -156.8857 -117.2089 
sample estimates:
mean of x mean of y 
 372.6667  509.7140 

> t.test(lH3K27me3_genes$LEN,lnonH3K27me3_genes$LEN);

	Welch Two Sample t-test

data:  lH3K27me3_genes$LEN and lnonH3K27me3_genes$LEN 
t = -13.7027, df = 1122.905, p-value < 2.2e-16
alternative hypothesis: true difference in means is not equal to 0 
95 percent confidence interval:
 -160.0058 -119.9231 
sample estimates:
mean of x mean of y 
 372.6667  512.6311 

> 
> wilcox.test(lH3K27me3_genes$LEN,lnonH3K27me3_genes$LEN);

	Wilcoxon rank sum test with continuity correction

data:  lH3K27me3_genes$LEN and lnonH3K27me3_genes$LEN 
W = 2612977, p-value < 2.2e-16
alternative hypothesis: true location shift is not equal to 0 

> wilcox.test(subset(lH3K27me3_genes$LEN,lH3K27me3_genes$LEN < 4000),subset(lnonH3K27me3_genes$LEN,lnonH3K27me3_genes$LEN < 4000));

	Wilcoxon rank sum test with continuity correction

data:  subset(lH3K27me3_genes$LEN, lH3K27me3_genes$LEN < 4000) and subset(lnonH3K27me3_genes$LEN, lnonH3K27me3_genes$LEN < 4000) 
W = 2612977, p-value < 2.2e-16
alternative hypothesis: true location shift is not equal to 0 

> 
